FILE_TYPE=LIBRARY_PARTS;
PRIMITIVE 'AB_EZD10C_A3_K65','AB_EZD10C_A3_K65_Other';
  PIN
    'K':
      PIN_NUMBER='(1)';
      NO_LOAD_CHECK=BOTH;
      NO_IO_CHECK=BOTH;
      ALLOW_CONNECT=TRUE;
      PINUSE='UNSPEC';
    'A':
      PIN_NUMBER='(2)';
      NO_LOAD_CHECK=BOTH;
      NO_IO_CHECK=BOTH;
      ALLOW_CONNECT=TRUE;
      PINUSE='UNSPEC';
  END_PIN;
  BODY
    PART_NAME='AB_EZD10C_A3_K65';
    PHYS_DES_PREFIX='LED';
    NO_LOAD_CHECK='TRUE';
    PIN_COUNT='2';
    BODY_NAME='AB_EZD10C_A3_K65';
    JEDEC_TYPE='ABEZD10CA3K65';
  END_BODY;
END_PRIMITIVE;
END.
